<?xml version="1.0" encoding="UTF-8"?>
<testsuite xmlns:xsi="http://www.w3.org/2001/XMLSchema-instance" xsi:noNamespaceSchemaLocation="https://maven.apache.org/surefire/maven-surefire-plugin/xsd/surefire-test-report.xsd" name="RatingsTest" time="0.138" tests="11" errors="0" skipped="0" failures="0">
  <properties>
[...]
</properties>
  <testcase name="winrate95Awarded" classname="RatingsTest" time="0.01"/>
  <testcase name="averageTeamTest" classname="RatingsTest" time="0"/>
  <testcase name="homeAwayEqual" classname="RatingsTest" time="0"/>
  <testcase name="eventuallyHeavilyFavoredIsntFavored" classname="RatingsTest" time="0.001"/>
  <testcase name="dominantWinIsBetter" classname="RatingsTest" time="0"/>
  <testcase name="moreDeltaForFewerGamesPlayed" classname="RatingsTest" time="0.001"/>
  <testcase name="recentWinsAwarded" classname="RatingsTest" time="0"/>
  <testcase name="ladderingHarderOpponentsHeavilyRewarded" classname="RatingsTest" time="0.001"/>
  <testcase name="diminishingReturnsChanges" classname="RatingsTest" time="0"/>
  <testcase name="winrate70Awarded" classname="RatingsTest" time="0.001"/>
  <testcase name="defeatingGoodOpponentsIsBetter" classname="RatingsTest" time="0"/>
</testsuite>